/Users/jeljer/.rbenv/versions/1.9.3-p0/bin/ruby extconf.rb 
checking for main() in -lobjc... yes
creating Makefile

make
Makefile:170: warning: overriding commands for target `/Users/jeljer/Google'
Makefile:161: warning: ignoring old commands for target `/Users/jeljer/Google'
compiling rr.cpp
i686-apple-darwin11-g++-4.2.1: Drive/code/classiccms/vendor/bundle/gems/libv8-3.3.10.4-x86_64-darwin-11/lib/libv8/v8/include: No such file or directory
cc1plus: warning: command line option "-Wdeclaration-after-statement" is valid for C/ObjC but not for C++
cc1plus: warning: command line option "-Wimplicit-function-declaration" is valid for C/ObjC but not for C++
In file included from rr.cpp:1:
rr.h:5:16: error: v8.h: No such file or directory
In file included from rr.cpp:1:
rr.h:19: error: ‘v8’ has not been declared
rr.h:19: error: ‘v8’ has not been declared
rr.h:19: error: ‘value’ was not declared in this scope
rr.h:20: error: redefinition of ‘VALUE rr_v82rb’
rr.h:19: error: ‘VALUE rr_v82rb’ previously defined here
rr.h:20: error: ‘v8’ has not been declared
rr.h:20: error: ‘v8’ has not been declared
rr.h:20: error: ‘value’ was not declared in this scope
rr.h:21: error: redefinition of ‘VALUE rr_v82rb’
rr.h:19: error: ‘VALUE rr_v82rb’ previously defined here
rr.h:21: error: ‘v8’ has not been declared
rr.h:21: error: ‘v8’ has not been declared
rr.h:21: error: ‘value’ was not declared in this scope
rr.h:22: error: redefinition of ‘VALUE rr_v82rb’
rr.h:19: error: ‘VALUE rr_v82rb’ previously defined here
rr.h:22: error: ‘v8’ has not been declared
rr.h:22: error: ‘v8’ has not been declared
rr.h:22: error: ‘value’ was not declared in this scope
rr.h:23: error: redefinition of ‘VALUE rr_v82rb’
rr.h:19: error: ‘VALUE rr_v82rb’ previously defined here
rr.h:23: error: ‘v8’ has not been declared
rr.h:23: error: ‘v8’ has not been declared
rr.h:23: error: ‘value’ was not declared in this scope
rr.h:24: error: redefinition of ‘VALUE rr_v82rb’
rr.h:19: error: ‘VALUE rr_v82rb’ previously defined here
rr.h:24: error: ‘v8’ has not been declared
rr.h:24: error: ‘v8’ has not been declared
rr.h:24: error: ‘value’ was not declared in this scope
rr.h:25: error: redefinition of ‘VALUE rr_v82rb’
rr.h:19: error: ‘VALUE rr_v82rb’ previously defined here
rr.h:25: error: ‘v8’ has not been declared
rr.h:25: error: ‘v8’ has not been declared
rr.h:25: error: ‘value’ was not declared in this scope
rr.h:26: error: redefinition of ‘VALUE rr_v82rb’
rr.h:19: error: ‘VALUE rr_v82rb’ previously defined here
rr.h:26: error: ‘v8’ has not been declared
rr.h:26: error: ‘v8’ has not been declared
rr.h:26: error: ‘value’ was not declared in this scope
rr.h:27: error: redefinition of ‘VALUE rr_v82rb’
rr.h:19: error: ‘VALUE rr_v82rb’ previously defined here
rr.h:27: error: ‘v8’ has not been declared
rr.h:27: error: ‘v8’ has not been declared
rr.h:27: error: ‘value’ was not declared in this scope
rr.h:28: error: redefinition of ‘VALUE rr_v82rb’
rr.h:19: error: ‘VALUE rr_v82rb’ previously defined here
rr.h:28: error: ‘v8’ has not been declared
rr.h:28: error: ‘v8’ has not been declared
rr.h:28: error: ‘value’ was not declared in this scope
rr.h:29: error: redefinition of ‘VALUE rr_v82rb’
rr.h:19: error: ‘VALUE rr_v82rb’ previously defined here
rr.h:29: error: ‘v8’ has not been declared
rr.h:29: error: ‘v8’ has not been declared
rr.h:29: error: ‘value’ was not declared in this scope
rr.h:30: error: redefinition of ‘VALUE rr_v82rb’
rr.h:19: error: ‘VALUE rr_v82rb’ previously defined here
rr.h:30: error: ‘v8’ has not been declared
rr.h:30: error: ‘v8’ has not been declared
rr.h:30: error: ‘value’ was not declared in this scope
rr.h:31: error: redefinition of ‘VALUE rr_v82rb’
rr.h:19: error: ‘VALUE rr_v82rb’ previously defined here
rr.h:31: error: ‘v8’ has not been declared
rr.h:31: error: ‘v8’ has not been declared
rr.h:31: error: ‘value’ was not declared in this scope
rr.h:33: error: ‘VALUE rr_v82rb(bool)’ redeclared as different kind of symbol
rr.h:19: error: previous declaration of ‘VALUE rr_v82rb’
rr.h:34: error: ‘VALUE rr_v82rb(double)’ redeclared as different kind of symbol
rr.h:19: error: previous declaration of ‘VALUE rr_v82rb’
rr.h:35: error: ‘VALUE rr_v82rb(int64_t)’ redeclared as different kind of symbol
rr.h:19: error: previous declaration of ‘VALUE rr_v82rb’
rr.h:36: error: ‘VALUE rr_v82rb(uint32_t)’ redeclared as different kind of symbol
rr.h:19: error: previous declaration of ‘VALUE rr_v82rb’
rr.h:37: error: ‘VALUE rr_v82rb(int32_t)’ redeclared as different kind of symbol
rr.h:19: error: previous declaration of ‘VALUE rr_v82rb’
rr.h:39: error: ‘v8’ has not been declared
rr.h:39: error: expected constructor, destructor, or type conversion before ‘<’ token
In file included from rr.cpp:3:
v8_handle.h:21: error: ‘v8’ has not been declared
v8_handle.h:21: error: expected `)' before ‘<’ token
v8_handle.h:25: error: ‘v8’ has not been declared
v8_handle.h:25: error: ISO C++ forbids declaration of ‘Persistent’ with no type
v8_handle.h:25: error: expected ‘;’ before ‘<’ token
v8_handle.h:29: error: ‘v8’ has not been declared
v8_handle.h:29: error: expected `)' before ‘<’ token
v8_handle.h:42: error: ‘v8’ has not been declared
v8_handle.h:42: error: expected constructor, destructor, or type conversion before ‘<’ token
v8_handle.h:45: error: ‘v8’ has not been declared
v8_handle.h:45: error: expected ‘,’ or ‘...’ before ‘<’ token
In file included from rr.cpp:4:
v8_value.h:7: error: ‘v8’ has not been declared
v8_value.h:7: error: ‘v8’ has not been declared
v8_value.h:7: error: ‘value’ was not declared in this scope
In file included from rr.cpp:5:
v8_object.h:8: error: ‘v8’ has not been declared
v8_object.h:8: error: ‘v8’ has not been declared
v8_object.h:8: error: ‘value’ was not declared in this scope
v8_object.h:9: error: ‘v8’ has not been declared
v8_object.h:9: error: ‘v8’ has not been declared
v8_object.h:9: error: ‘object’ was not declared in this scope
v8_object.h:9: error: expected primary-expression before ‘ruby_class’
v8_object.h:9: error: initializer expression list treated as compound expression
In file included from rr.cpp:6:
v8_function.h:9: error: ‘v8’ has not been declared
v8_function.h:9: error: ‘v8’ has not been declared
v8_function.h:9: error: ‘value’ was not declared in this scope
In file included from rr.cpp:7:
v8_array.h:7: error: ‘v8’ has not been declared
v8_array.h:7: error: ‘v8’ has not been declared
v8_array.h:7: error: ‘value’ was not declared in this scope
In file included from rr.cpp:8:
v8_string.h:8: error: ‘v8’ has not been declared
v8_string.h:8: error: ‘v8’ has not been declared
v8_string.h:8: error: ‘value’ was not declared in this scope
In file included from rr.cpp:9:
v8_date.h:5: error: ‘v8’ has not been declared
v8_date.h:5: error: ‘v8’ has not been declared
v8_date.h:5: error: ‘value’ was not declared in this scope
In file included from rr.cpp:10:
v8_message.h:8: error: ‘v8’ has not been declared
v8_message.h:8: error: ‘v8’ has not been declared
v8_message.h:8: error: ‘value’ was not declared in this scope
In file included from rr.cpp:11:
v8_external.h:7: error: ‘v8’ has not been declared
v8_external.h:7: error: ‘v8’ has not been declared
v8_external.h:7: error: ‘value’ was not declared in this scope
In file included from rr.cpp:12:
v8_exception.h:8: error: ‘v8’ has not been declared
v8_exception.h:8: error: ‘v8’ has not been declared
v8_exception.h:8: error: ‘value’ was not declared in this scope
v8_exception.h:9: error: ‘v8’ has not been declared
v8_exception.h:9: error: ‘v8’ has not been declared
v8_exception.h:9: error: ‘value’ was not declared in this scope
rr.cpp:14: error: ‘v8’ is not a namespace-name
rr.cpp:14: error: expected namespace-name before ‘;’ token
rr.cpp: In function ‘VALUE rr_define_finalizer(VALUE, void*, VALUE)’:
rr.cpp:48: warning: no return statement in function returning non-void
rr.cpp: At global scope:
rr.cpp:50: error: redefinition of ‘VALUE rr_v82rb’
rr.h:19: error: ‘VALUE rr_v82rb’ previously defined here
rr.cpp:50: error: ‘Handle’ was not declared in this scope
rr.cpp:50: error: ‘Value’ was not declared in this scope
rr.cpp:50: error: ‘value’ was not declared in this scope
make: *** [rr.o] Error 1
